J13017;upload;upload.filestat
J13000;upload;upload.filestat
J13001;upload;upload.filestat
J13003;upload;upload.filestat
J12769 NB;upload;upload.filestat
J13002;upload;upload.filestat
J13024;upload;upload.filestat
J13016;upload;upload.filestat
J13014;upload;upload.filestat
J13021;upload;upload.filestat
J13019;upload;upload.filestat
J13015;upload;upload.filestat
J13025;upload;upload.filestat
J12776 NB;upload;upload.filestat
J13006;upload;upload.filestat
J13023;upload;upload.filestat
J12750 NB;upload;upload.filestat
job;upload;upload.filestat
J13018;upload;upload.filestat
J12999;upload;upload.filestat
J13027;upload;upload.filestat
J13028;upload;upload.filestat
J13041;upload;upload.filestat
J13032;upload;upload.filestat
J13038;upload;upload.filestat
J13037;upload;upload.filestat
J13035;upload;upload.filestat
J13042;upload;upload.filestat
J13026;upload;upload.filestat
J13048;upload;upload.filestat
J13031;upload;upload.filestat
J13050;upload;upload.filestat
J13049;upload;upload.filestat
J13033;upload;upload.filestat
J13044;upload;upload.filestat
J13046;upload;upload.filestat
J13051;upload;upload.filestat
J13062;upload;upload.filestat
J13054;upload;upload.filestat
J13059;upload;upload.filestat
J13073;upload;upload.filestat
J13066;upload;upload.filestat
J13057;upload;upload.filestat
J13056;upload;upload.filestat
J13063;upload;upload.filestat
J13058;upload;upload.filestat
J13052;upload;upload.filestat
J13078;upload;upload.filestat
J13045;upload;upload.filestat
J13055;upload;upload.filestat
J13077R;upload;upload.filestat
J13076;upload;upload.filestat
J13053;upload;upload.filestat
J13073G;upload;upload.filestat
J13065;upload;upload.filestat
J13112;upload;upload.filestat
J13060;upload;upload.filestat
J13106;upload;upload.filestat
J13111;upload;upload.filestat
J13079;upload;upload.filestat
J13108;upload;upload.filestat
J13107;upload;upload.filestat
J13104;upload;upload.filestat
J13114;upload;upload.filestat
J13105;upload;upload.filestat
J13109;upload;upload.filestat
J13118;upload;upload.filestat
J13110;upload;upload.filestat
J13113;upload;upload.filestat
J13117;upload;upload.filestat
J13115;upload;upload.filestat
J13116;upload;upload.filestat
J13120;upload;upload.filestat
J13123;upload;upload.filestat
J13121;upload;upload.filestat
J13129;upload;upload.filestat
J13136;upload;upload.filestat
J13119;upload;upload.filestat
J13128;upload;upload.filestat
J13140;upload;upload.filestat
J13135;upload;upload.filestat
J13130;upload;upload.filestat
J13131;upload;upload.filestat
J13143;upload;upload.filestat
J13139;upload;upload.filestat
J13141;upload;upload.filestat
J13142;upload;upload.filestat
J13134;upload;upload.filestat
J13145;upload;upload.filestat
J13147;upload;upload.filestat
J13133;upload;upload.filestat
J13137;upload;upload.filestat
J13144;upload;upload.filestat
J13382;upload;upload.filestat
J13151R;upload;upload.filestat
J13146;upload;upload.filestat
J13148;upload;upload.filestat
J13381;upload;upload.filestat
J13322;upload;upload.filestat
J14020;upload;upload.filestat
J13138;upload;upload.filestat
J13149;upload;upload.filestat
J13522M;upload;upload.filestat
J13449 M;upload;upload.filestat
J14235;upload;upload.filestat
J16262;upload;upload.filestat
J15027BM;upload;upload.filestat
J15093;upload;upload.filestat
J15095;upload;upload.filestat
J16262 DT;upload;upload.filestat
J16266;upload;upload.filestat
J17836;upload;upload.filestat
J16720;upload;upload.filestat
J16265 DT;upload;upload.filestat
J18962;upload;upload.filestat
J17962B;upload;upload.filestat
J13383;upload;upload.filestat
J18790;upload;upload.filestat
J18492VCA;upload;upload.filestat
J18965;upload;upload.filestat
J18964;upload;upload.filestat
J18963;upload;upload.filestat
J18967;upload;upload.filestat
J13151;upload;upload.filestat
J18966;upload;upload.filestat
J19198;upload;upload.filestat
J19226;upload;upload.filestat
J18968;upload;upload.filestat
J19469;upload;upload.filestat
J19218;upload;upload.filestat
J19227;upload;upload.filestat
J19560;upload;upload.filestat
J21652;upload;upload.filestat
J20480;upload;upload.filestat
J18978;upload;upload.filestat
J21964;upload;upload.filestat
J19219;upload;upload.filestat
J22476;upload;upload.filestat
J21653;upload;upload.filestat
J20481;upload;upload.filestat
J22793;upload;upload.filestat
J22825;upload;upload.filestat
J22477;upload;upload.filestat
J22822;upload;upload.filestat
J23039;upload;upload.filestat
J22854;upload;upload.filestat
J25154;upload;upload.filestat
J22855;upload;upload.filestat
J23250;upload;upload.filestat
J23536;upload;upload.filestat
J23564;upload;upload.filestat
J23155;upload;upload.filestat
J23235;upload;upload.filestat
J26166G;upload;upload.filestat
J25736;upload;upload.filestat
J23565;upload;upload.filestat
J28054;upload;upload.filestat
J25474;upload;upload.filestat
J28165;upload;upload.filestat
J28374;upload;upload.filestat
J28453;upload;upload.filestat
J22836;upload;upload.filestat
J28504;upload;upload.filestat
J28436;upload;upload.filestat
J28714;upload;upload.filestat
J28918C;upload;upload.filestat
J23011;upload;upload.filestat
J29011;upload;upload.filestat
J28918B;upload;upload.filestat
J29218;upload;upload.filestat
J29080;upload;upload.filestat
J28808;upload;upload.filestat
J29092;upload;upload.filestat
J29073;upload;upload.filestat
J29217;upload;upload.filestat
J29233;upload;upload.filestat
J29219;upload;upload.filestat
J29216;upload;upload.filestat
J29240;upload;upload.filestat
J28694;upload;upload.filestat
J28918A;upload;upload.filestat
J29308;upload;upload.filestat
J29012;upload;upload.filestat
J29245;upload;upload.filestat
J29255;upload;upload.filestat
J29340;upload;upload.filestat
J29363;upload;upload.filestat
J29365;upload;upload.filestat
J29309;upload;upload.filestat
J29232;upload;upload.filestat
J29333;upload;upload.filestat
J29341R;upload;upload.filestat
J29342;upload;upload.filestat
J29341;upload;upload.filestat
J29343;upload;upload.filestat
J29329;upload;upload.filestat
J29500;upload;upload.filestat
J29518;upload;upload.filestat
J29516;upload;upload.filestat
J29367;upload;upload.filestat
J29899;upload;upload.filestat
J29248;upload;upload.filestat
J30179;upload;upload.filestat
J30176;upload;upload.filestat
J30175;upload;upload.filestat
J29542;upload;upload.filestat
J30213;upload;upload.filestat
J30216;upload;upload.filestat
J30212;upload;upload.filestat
J30177;upload;upload.filestat
J29890;upload;upload.filestat
J30176 Vert;upload;upload.filestat
J30820;upload;upload.filestat
J30217;upload;upload.filestat
J29538;upload;upload.filestat
J30178;upload;upload.filestat
J30822;upload;upload.filestat
J30819;upload;upload.filestat
J30822 M;upload;upload.filestat
J31077;upload;upload.filestat
J30980;upload;upload.filestat
J31194;upload;upload.filestat
J30981;upload;upload.filestat
J31270;upload;upload.filestat
J31280;upload;upload.filestat
J31281;upload;upload.filestat
J31100;upload;upload.filestat
J31272;upload;upload.filestat
J31300;upload;upload.filestat
J31399;upload;upload.filestat
J31372;upload;upload.filestat
J31409;upload;upload.filestat
J31408;upload;upload.filestat
J31583;upload;upload.filestat
J31397;upload;upload.filestat
J31413;upload;upload.filestat
J31518;upload;upload.filestat
J31607 M;upload;upload.filestat
J31899;upload;upload.filestat
J32105;upload;upload.filestat
J31928;upload;upload.filestat
J31910;upload;upload.filestat
J31901;upload;upload.filestat
J31995R;upload;upload.filestat
J32109;upload;upload.filestat
J32108;upload;upload.filestat
J32106;upload;upload.filestat
J32116;upload;upload.filestat
J32112;upload;upload.filestat
J31995;upload;upload.filestat
J31995 M;upload;upload.filestat
J32107;upload;upload.filestat
J32111;upload;upload.filestat
J32110;upload;upload.filestat
J32113;upload;upload.filestat
J32104;upload;upload.filestat
J32117;upload;upload.filestat
J32103;upload;upload.filestat
J32114;upload;upload.filestat
J32118B;upload;upload.filestat
J32119BM;upload;upload.filestat
J32121;upload;upload.filestat
J33031;upload;upload.filestat
J32122;upload;upload.filestat
J32629;upload;upload.filestat
J32554;upload;upload.filestat
J32713;upload;upload.filestat
J33028;upload;upload.filestat
J33033;upload;upload.filestat
J33555;upload;upload.filestat
J33032;upload;upload.filestat
J33560;upload;upload.filestat
J33563;upload;upload.filestat
J33607;upload;upload.filestat
J33416;upload;upload.filestat
J32119B;upload;upload.filestat
J32120B;upload;upload.filestat
J33609;upload;upload.filestat
J33611;upload;upload.filestat
J33608;upload;upload.filestat
J33616;upload;upload.filestat
J33615;upload;upload.filestat
J33610;upload;upload.filestat
J33623;upload;upload.filestat
J33746;upload;upload.filestat
J33618;upload;upload.filestat
J33745;upload;upload.filestat
J33803rF;upload;upload.filestat
J33802rF;upload;upload.filestat
J33660;upload;upload.filestat
J33617;upload;upload.filestat
J33034;upload;upload.filestat
J33614;upload;upload.filestat
J33806rF;upload;upload.filestat
J33622;upload;upload.filestat
J33810rF;upload;upload.filestat
J33557;upload;upload.filestat
J33807rF;upload;upload.filestat
J33868;upload;upload.filestat
J33944;upload;upload.filestat
J33805rF;upload;upload.filestat
J34077;upload;upload.filestat
J34081;upload;upload.filestat
J34076;upload;upload.filestat
J33620;upload;upload.filestat
J34080;upload;upload.filestat
J34078;upload;upload.filestat
J33804rF;upload;upload.filestat
J34079;upload;upload.filestat
J34175;upload;upload.filestat
J34204;upload;upload.filestat
J34082;upload;upload.filestat
J34174;upload;upload.filestat
J34203;upload;upload.filestat
J34260;upload;upload.filestat
J34439;upload;upload.filestat
J34217;upload;upload.filestat
J34259;upload;upload.filestat
J34331;upload;upload.filestat
J34312;upload;upload.filestat
J34176;upload;upload.filestat
J34285;upload;upload.filestat
J34330;upload;upload.filestat
J34216;upload;upload.filestat
J34338;upload;upload.filestat
J34857;upload;upload.filestat
J34858;upload;upload.filestat
J34675;upload;upload.filestat
J34907;upload;upload.filestat
J34177;upload;upload.filestat
J34951;upload;upload.filestat
J34945;upload;upload.filestat
J34888;upload;upload.filestat
J34982;upload;upload.filestat
J34976;upload;upload.filestat
J34975;upload;upload.filestat
J34961;upload;upload.filestat
J34960;upload;upload.filestat
J34920;upload;upload.filestat
J35182;upload;upload.filestat
J35197;upload;upload.filestat
J35269;upload;upload.filestat
J35191;upload;upload.filestat
J35196;upload;upload.filestat
J35263;upload;upload.filestat
J35195;upload;upload.filestat
J35268;upload;upload.filestat
J35261;upload;upload.filestat
J35293;upload;upload.filestat
J35361;upload;upload.filestat
J35362;upload;upload.filestat
J35363;upload;upload.filestat
J35525;upload;upload.filestat
J35517;upload;upload.filestat
J35670;upload;upload.filestat
J35824;upload;upload.filestat
J35515;upload;upload.filestat
J35927;upload;upload.filestat
J35526;upload;upload.filestat
J35438;upload;upload.filestat
J35524;upload;upload.filestat
J35968;upload;upload.filestat
J35970;upload;upload.filestat
J36064;upload;upload.filestat
J36069;upload;upload.filestat
J35971;upload;upload.filestat
J36201;upload;upload.filestat
J36066;upload;upload.filestat
J36065;upload;upload.filestat
J36171;upload;upload.filestat
J36199;upload;upload.filestat
J36203;upload;upload.filestat
J36063;upload;upload.filestat
J36202;upload;upload.filestat
J36204;upload;upload.filestat
J36309;upload;upload.filestat
J36206A;upload;upload.filestat
J36309 M;upload;upload.filestat
J36445;upload;upload.filestat
J36206B;upload;upload.filestat
J36579;upload;upload.filestat
J36487;upload;upload.filestat
J36603;upload;upload.filestat
J36601;upload;upload.filestat
J36575;upload;upload.filestat
J36686;upload;upload.filestat
J36688;upload;upload.filestat
J36687;upload;upload.filestat
J36689;upload;upload.filestat
J36690;upload;upload.filestat
J36692;upload;upload.filestat
J36691;upload;upload.filestat
J36693;upload;upload.filestat
J36694;upload;upload.filestat
J36695;upload;upload.filestat
J36696;upload;upload.filestat
J36698;upload;upload.filestat
J36697;upload;upload.filestat
J36700;upload;upload.filestat
J36701;upload;upload.filestat
J36699;upload;upload.filestat
J36702;upload;upload.filestat
J36706;upload;upload.filestat
J36703;upload;upload.filestat
J36707;upload;upload.filestat
J36705;upload;upload.filestat
J36708;upload;upload.filestat
J36710;upload;upload.filestat
J36709;upload;upload.filestat
J36712;upload;upload.filestat
J36714;upload;upload.filestat
J36716;upload;upload.filestat
J36713;upload;upload.filestat
J36723;upload;upload.filestat
J36715;upload;upload.filestat
J36715R;upload;upload.filestat
J36724;upload;upload.filestat
J36725;upload;upload.filestat
J36728;upload;upload.filestat
J36730;upload;upload.filestat
J36731;upload;upload.filestat
J36729;upload;upload.filestat
J36732;upload;upload.filestat
J36717;upload;upload.filestat
J36741;upload;upload.filestat
J36727;upload;upload.filestat
J36738;upload;upload.filestat
J36740;upload;upload.filestat
J36742;upload;upload.filestat
J36744;upload;upload.filestat
J36859;upload;upload.filestat
J36746;upload;upload.filestat
J36743;upload;upload.filestat
J36745;upload;upload.filestat
J37116;upload;upload.filestat
J37162;upload;upload.filestat
J37161;upload;upload.filestat
J37117;upload;upload.filestat
J37160;upload;upload.filestat
J36747;upload;upload.filestat
J37238;upload;upload.filestat
J37186;upload;upload.filestat
J37175;upload;upload.filestat
J37237;upload;upload.filestat
J37240;upload;upload.filestat
J37362;upload;upload.filestat
J37217;upload;upload.filestat
J37163;upload;upload.filestat
J37438;upload;upload.filestat
J37239;upload;upload.filestat
J37473;upload;upload.filestat
J37446;upload;upload.filestat
J37447;upload;upload.filestat
J37624;upload;upload.filestat
J37621;upload;upload.filestat
J37573;upload;upload.filestat
J37572;upload;upload.filestat
J37622;upload;upload.filestat
J37623;upload;upload.filestat
J37659;upload;upload.filestat
J37718;upload;upload.filestat
J37717;upload;upload.filestat
J37719;upload;upload.filestat
J37736;upload;upload.filestat
J37941;upload;upload.filestat
J37720;upload;upload.filestat
J37943;upload;upload.filestat
J37994;upload;upload.filestat
J37745;upload;upload.filestat
J38087;upload;upload.filestat
J38005;upload;upload.filestat
J38004;upload;upload.filestat
J38003;upload;upload.filestat
J38107;upload;upload.filestat
J38088;upload;upload.filestat
J37743;upload;upload.filestat
J37744;upload;upload.filestat
J38006;upload;upload.filestat
J38115;upload;upload.filestat
J38086;upload;upload.filestat
J38319;upload;upload.filestat
J38325;upload;upload.filestat
J38323;upload;upload.filestat
J38326;upload;upload.filestat
J38328;upload;upload.filestat
J38330;upload;upload.filestat
J38331;upload;upload.filestat
J38321;upload;upload.filestat
J38332;upload;upload.filestat
J38327;upload;upload.filestat
J38333;upload;upload.filestat
J38346;upload;upload.filestat
J38336;upload;upload.filestat
J38329;upload;upload.filestat
J38349;upload;upload.filestat
J38343;upload;upload.filestat
J38345;upload;upload.filestat
J38347;upload;upload.filestat
J38350;upload;upload.filestat
J38352;upload;upload.filestat
J38348;upload;upload.filestat
J38351;upload;upload.filestat
J38357;upload;upload.filestat
J38358;upload;upload.filestat
J38372;upload;upload.filestat
J38373R;upload;upload.filestat
J38374R;upload;upload.filestat
J38378R;upload;upload.filestat
J38378;upload;upload.filestat
J38383;upload;upload.filestat
J38380R2;upload;upload.filestat
J38363;upload;upload.filestat
J38381;upload;upload.filestat
J38376 B;upload;upload.filestat
J38385;upload;upload.filestat
J38386;upload;upload.filestat
J38388;upload;upload.filestat
J38384;upload;upload.filestat
J38395;upload;upload.filestat
J38391;upload;upload.filestat
J38390;upload;upload.filestat
J38394;upload;upload.filestat
J38397;upload;upload.filestat
J38396;upload;upload.filestat
J38398;upload;upload.filestat
J38399R 2;upload;upload.filestat
J38415;upload;upload.filestat
J38404;upload;upload.filestat
J38424;upload;upload.filestat
J38417;upload;upload.filestat
J38414;upload;upload.filestat
J38426;upload;upload.filestat
J38427;upload;upload.filestat
J38425B;upload;upload.filestat
J38399R;upload;upload.filestat
J38406;upload;upload.filestat
J38445;upload;upload.filestat
J38431;upload;upload.filestat
J38442;upload;upload.filestat
J38432;upload;upload.filestat
J38567;upload;upload.filestat
J38579;upload;upload.filestat
J38577;upload;upload.filestat
J38578;upload;upload.filestat
J38625G;upload;upload.filestat
J38568;upload;upload.filestat
J38626;upload;upload.filestat
J38627;upload;upload.filestat
J38809;upload;upload.filestat
J38810;upload;upload.filestat
J38814;upload;upload.filestat
J38824;upload;upload.filestat
J38822;upload;upload.filestat
J38441;upload;upload.filestat
J38827;upload;upload.filestat
J38823;upload;upload.filestat
J38825;upload;upload.filestat
J38829;upload;upload.filestat
J38813;upload;upload.filestat
J38820;upload;upload.filestat
J38811;upload;upload.filestat
J38830;upload;upload.filestat
J38821;upload;upload.filestat
J38831;upload;upload.filestat
J38832;upload;upload.filestat
J38834;upload;upload.filestat
J38849;upload;upload.filestat
J38850;upload;upload.filestat
J38855;upload;upload.filestat
J38856;upload;upload.filestat
J38858;upload;upload.filestat
J38860;upload;upload.filestat
J38859;upload;upload.filestat
J38866;upload;upload.filestat
J38865;upload;upload.filestat
J38868;upload;upload.filestat
J38861;upload;upload.filestat
J38862;upload;upload.filestat
J38869;upload;upload.filestat
J38871;upload;upload.filestat
J38872;upload;upload.filestat
J38873;upload;upload.filestat
J38874;upload;upload.filestat
J38877;upload;upload.filestat
J38875;upload;upload.filestat
J38880;upload;upload.filestat
J38876;upload;upload.filestat
J38884;upload;upload.filestat
J38882;upload;upload.filestat
J38886;upload;upload.filestat
J38883;upload;upload.filestat
J38888;upload;upload.filestat
J38885;upload;upload.filestat
J38887;upload;upload.filestat
J38889;upload;upload.filestat
J38898;upload;upload.filestat
J38894;upload;upload.filestat
J38890;upload;upload.filestat
J38903;upload;upload.filestat
J38900;upload;upload.filestat
J38913;upload;upload.filestat
J38907;upload;upload.filestat
J38914;upload;upload.filestat
J38891;upload;upload.filestat
J38919;upload;upload.filestat
J38920;upload;upload.filestat
J38917;upload;upload.filestat
J38924;upload;upload.filestat
J38926;upload;upload.filestat
J38922;upload;upload.filestat
J38916;upload;upload.filestat
J38936;upload;upload.filestat
J38929;upload;upload.filestat
J38928;upload;upload.filestat
J38935;upload;upload.filestat
J38915;upload;upload.filestat
J38938;upload;upload.filestat
J38969;upload;upload.filestat
J38937;upload;upload.filestat
J38939;upload;upload.filestat
J38971;upload;upload.filestat
J38964;upload;upload.filestat
J38970;upload;upload.filestat
J38977;upload;upload.filestat
J38979;upload;upload.filestat
J38980;upload;upload.filestat
J38981;upload;upload.filestat
J38982;upload;upload.filestat
J38974;upload;upload.filestat
J38976;upload;upload.filestat
J38993;upload;upload.filestat
J38992;upload;upload.filestat
J38996;upload;upload.filestat
J38994;upload;upload.filestat
J38997;upload;upload.filestat
J38995;upload;upload.filestat
J39007;upload;upload.filestat
J39003G;upload;upload.filestat
J39006;upload;upload.filestat
J39008;upload;upload.filestat
J39005;upload;upload.filestat
J39011;upload;upload.filestat
J39000;upload;upload.filestat
J39012;upload;upload.filestat
J39009;upload;upload.filestat
J39014;upload;upload.filestat
J39013;upload;upload.filestat
J39021;upload;upload.filestat
J39016;upload;upload.filestat
J39019;upload;upload.filestat
J39020;upload;upload.filestat
J39023R;upload;upload.filestat
J39017;upload;upload.filestat
J39024;upload;upload.filestat
J39023;upload;upload.filestat
J39030;upload;upload.filestat
J39032;upload;upload.filestat
J39081;upload;upload.filestat
J39084;upload;upload.filestat
J39089;upload;upload.filestat
J39026;upload;upload.filestat
J39110;upload;upload.filestat
J39034;upload;upload.filestat
J39029;upload;upload.filestat
J39037;upload;upload.filestat
J39130;upload;upload.filestat
J39138;upload;upload.filestat
J39116;upload;upload.filestat
J39139;upload;upload.filestat
J39141;upload;upload.filestat
J39143;upload;upload.filestat
J39145;upload;upload.filestat
J39120;upload;upload.filestat
J39140;upload;upload.filestat
J39144;upload;upload.filestat
J39146;upload;upload.filestat
J39149;upload;upload.filestat
J39147;upload;upload.filestat
J39153;upload;upload.filestat
J39157;upload;upload.filestat
J39151;upload;upload.filestat
J39150;upload;upload.filestat
J39162;upload;upload.filestat
J39163;upload;upload.filestat
J39165;upload;upload.filestat
J39167;upload;upload.filestat
J39168;upload;upload.filestat
J39169;upload;upload.filestat
J39169G;upload;upload.filestat
J39170;upload;upload.filestat
J39171;upload;upload.filestat
J39173;upload;upload.filestat
J39175;upload;upload.filestat
J39176;upload;upload.filestat
J39174;upload;upload.filestat
J39177;upload;upload.filestat
J39178;upload;upload.filestat
J39179;upload;upload.filestat
J39181;upload;upload.filestat
J39180;upload;upload.filestat
J39183;upload;upload.filestat
J39186;upload;upload.filestat
J39184;upload;upload.filestat
J39187;upload;upload.filestat
J39196;upload;upload.filestat
J39197;upload;upload.filestat
J39203;upload;upload.filestat
J39204;upload;upload.filestat
J39218;upload;upload.filestat
J39231;upload;upload.filestat
J39268;upload;upload.filestat
J39290;upload;upload.filestat
J39292;upload;upload.filestat
J39293;upload;upload.filestat
J39297;upload;upload.filestat
J39296;upload;upload.filestat
J39299;upload;upload.filestat
J39298;upload;upload.filestat
J39301;upload;upload.filestat
J39303;upload;upload.filestat
J39305;upload;upload.filestat
J39321;upload;upload.filestat
J39321FG;upload;upload.filestat
J39322;upload;upload.filestat
J39323;upload;upload.filestat
J39329;upload;upload.filestat
J39330;upload;upload.filestat
J39330R;upload;upload.filestat
J39331;upload;upload.filestat
J39332;upload;upload.filestat
J39332G;upload;upload.filestat
J39333;upload;upload.filestat
J39334;upload;upload.filestat
J39334G;upload;upload.filestat
J39335;upload;upload.filestat
J39336;upload;upload.filestat
J39337;upload;upload.filestat
J39340;upload;upload.filestat
J39340FG;upload;upload.filestat
J39338;upload;upload.filestat
J39342;upload;upload.filestat
J39341;upload;upload.filestat
J39343;upload;upload.filestat
J39343G;upload;upload.filestat
J39345;upload;upload.filestat
J39344;upload;upload.filestat
J39347;upload;upload.filestat
J39348;upload;upload.filestat
J39346;upload;upload.filestat
J39355;upload;upload.filestat
J39356;upload;upload.filestat
J39357;upload;upload.filestat
J39359;upload;upload.filestat
J39360;upload;upload.filestat
J39361;upload;upload.filestat
J39362;upload;upload.filestat
J39364;upload;upload.filestat
J39365;upload;upload.filestat
J39367;upload;upload.filestat
J39368;upload;upload.filestat
J39375;upload;upload.filestat
J39380;upload;upload.filestat
J39381;upload;upload.filestat
J39379;upload;upload.filestat
J39382;upload;upload.filestat
J39391;upload;upload.filestat
J39395;upload;upload.filestat
J39393;upload;upload.filestat
J39390;upload;upload.filestat
J39398;upload;upload.filestat
J39396;upload;upload.filestat
J39401;upload;upload.filestat
J39400;upload;upload.filestat
J39404;upload;upload.filestat
J39402;upload;upload.filestat
J39405;upload;upload.filestat
J39406;upload;upload.filestat
J39408;upload;upload.filestat
J39409;upload;upload.filestat
J39410R;upload;upload.filestat
J39410;upload;upload.filestat
J39412;upload;upload.filestat
J39412R;upload;upload.filestat
J39414;upload;upload.filestat
J39415R;upload;upload.filestat
J39417M;upload;upload.filestat
J39416;upload;upload.filestat
J39418R;upload;upload.filestat
J39415M;upload;upload.filestat
J39418M;upload;upload.filestat
J39423 M;upload;upload.filestat
J39420;upload;upload.filestat
J39419M;upload;upload.filestat
J39436;upload;upload.filestat
J39435;upload;upload.filestat
J39433;upload;upload.filestat
J39439;upload;upload.filestat
J39440;upload;upload.filestat
J39434;upload;upload.filestat
J39444;upload;upload.filestat
J39441;upload;upload.filestat
J39450;upload;upload.filestat
J39437;upload;upload.filestat
J39446;upload;upload.filestat
J39443;upload;upload.filestat
J39453;upload;upload.filestat
J39450R;upload;upload.filestat
J39452R;upload;upload.filestat
J39452;upload;upload.filestat
J39453R;upload;upload.filestat
J39454;upload;upload.filestat
J39451;upload;upload.filestat
J39454R;upload;upload.filestat
J39455;upload;upload.filestat
J39455R;upload;upload.filestat
J39462;upload;upload.filestat
J39456;upload;upload.filestat
J39457;upload;upload.filestat
J39460;upload;upload.filestat
J39464;upload;upload.filestat
J39459;upload;upload.filestat
J39465;upload;upload.filestat
J39463;upload;upload.filestat
J39471;upload;upload.filestat
J39474;upload;upload.filestat
J39475;upload;upload.filestat
J39478;upload;upload.filestat
J39477;upload;upload.filestat
J39479;upload;upload.filestat
J39476;upload;upload.filestat
J39472;upload;upload.filestat
J39473;upload;upload.filestat
J39480;upload;upload.filestat
J39483;upload;upload.filestat
J39482;upload;upload.filestat
J39485;upload;upload.filestat
J39486;upload;upload.filestat
J39481;upload;upload.filestat
J39487;upload;upload.filestat
J39488;upload;upload.filestat
J39490;upload;upload.filestat
J39489;upload;upload.filestat
J39491;upload;upload.filestat
J39508;upload;upload.filestat
J39511;upload;upload.filestat
J39512;upload;upload.filestat
J39516;upload;upload.filestat
J39510;upload;upload.filestat
J39517;upload;upload.filestat
J39515;upload;upload.filestat
J39484;upload;upload.filestat
J39506;upload;upload.filestat
J39519;upload;upload.filestat
J39518;upload;upload.filestat
J39525;upload;upload.filestat
J39521;upload;upload.filestat
J39541;upload;upload.filestat
J39540;upload;upload.filestat
J39522;upload;upload.filestat
J39526;upload;upload.filestat
J39523;upload;upload.filestat
J39544;upload;upload.filestat
J39542;upload;upload.filestat
J39543;upload;upload.filestat
J39546;upload;upload.filestat
J39545;upload;upload.filestat
J39548;upload;upload.filestat
J39547;upload;upload.filestat
J39551;upload;upload.filestat
J39550;upload;upload.filestat
J39555;upload;upload.filestat
J39553;upload;upload.filestat
J39554;upload;upload.filestat
J39552;upload;upload.filestat
J39557;upload;upload.filestat
J39559;upload;upload.filestat
J39558;upload;upload.filestat
J39564;upload;upload.filestat
J39568;upload;upload.filestat
J39570;upload;upload.filestat
J39575;upload;upload.filestat
J39563;upload;upload.filestat
J39571;upload;upload.filestat
J39556;upload;upload.filestat
J39577;upload;upload.filestat
J39560;upload;upload.filestat
J39588;upload;upload.filestat
J39586;upload;upload.filestat
J39583;upload;upload.filestat
J39581;upload;upload.filestat
J39590;upload;upload.filestat
J39599;upload;upload.filestat
J39597;upload;upload.filestat
J39596;upload;upload.filestat
J39600;upload;upload.filestat
J39601;upload;upload.filestat
J39603;upload;upload.filestat
J39604;upload;upload.filestat
J39608;upload;upload.filestat
J39609;upload;upload.filestat
J39607;upload;upload.filestat
J39653;upload;upload.filestat
J39610;upload;upload.filestat
J39660;upload;upload.filestat
J39611;upload;upload.filestat
J39658;upload;upload.filestat
J39663;upload;upload.filestat
J39659;upload;upload.filestat
J39665;upload;upload.filestat
J39662;upload;upload.filestat
J39670;upload;upload.filestat
J39666;upload;upload.filestat
J39671;upload;upload.filestat
J39667;upload;upload.filestat
J39675;upload;upload.filestat
J39676;upload;upload.filestat
J39677;upload;upload.filestat
J39672;upload;upload.filestat
J39673;upload;upload.filestat
J39679;upload;upload.filestat
J39684;upload;upload.filestat
J39680;upload;upload.filestat
J39682;upload;upload.filestat
J39686;upload;upload.filestat
J39688;upload;upload.filestat
J39691;upload;upload.filestat
J39690;upload;upload.filestat
J39692;upload;upload.filestat
J39693;upload;upload.filestat
J39695;upload;upload.filestat
J39714;upload;upload.filestat
J39696;upload;upload.filestat
J39716;upload;upload.filestat
J39694;upload;upload.filestat
J39715;upload;upload.filestat
J39712;upload;upload.filestat
J39719;upload;upload.filestat
J39717;upload;upload.filestat
J39720;upload;upload.filestat
J39721;upload;upload.filestat
J39730;upload;upload.filestat
J39726;upload;upload.filestat
J39725;upload;upload.filestat
J39722;upload;upload.filestat
J39728;upload;upload.filestat
J39731;upload;upload.filestat
J39732;upload;upload.filestat
J39742;upload;upload.filestat
J39744;upload;upload.filestat
J39727;upload;upload.filestat
J39748;upload;upload.filestat
J39729;upload;upload.filestat
J39747;upload;upload.filestat
J39733;upload;upload.filestat
J39741;upload;upload.filestat
J39750;upload;upload.filestat
J39749;upload;upload.filestat
J39762;upload;upload.filestat
J39765;upload;upload.filestat
J39751;upload;upload.filestat
J39760;upload;upload.filestat
J39768;upload;upload.filestat
J39753;upload;upload.filestat
J39761;upload;upload.filestat
J39769;upload;upload.filestat
J39770;upload;upload.filestat
J39773;upload;upload.filestat
J39771;upload;upload.filestat
J39774;upload;upload.filestat
J39776;upload;upload.filestat
J39785;upload;upload.filestat
J39778;upload;upload.filestat
J39784;upload;upload.filestat
J39799;upload;upload.filestat
J39800;upload;upload.filestat
J39802;upload;upload.filestat
J39806;upload;upload.filestat
J39801;upload;upload.filestat
J39805;upload;upload.filestat
J39803;upload;upload.filestat
J39810;upload;upload.filestat
J39804;upload;upload.filestat
J39809;upload;upload.filestat
J39811;upload;upload.filestat
J39812;upload;upload.filestat
J39813;upload;upload.filestat
J39816;upload;upload.filestat
J39817;upload;upload.filestat
J39814;upload;upload.filestat
J39815;upload;upload.filestat
J39818;upload;upload.filestat
J39819;upload;upload.filestat
J39820;upload;upload.filestat
J39821;upload;upload.filestat
J39833;upload;upload.filestat
J39822;upload;upload.filestat
J39838;upload;upload.filestat
J39840;upload;upload.filestat
J39842;upload;upload.filestat
J39850;upload;upload.filestat
J39843;upload;upload.filestat
J39844;upload;upload.filestat
J39855;upload;upload.filestat
J39853;upload;upload.filestat
J39852;upload;upload.filestat
J39851;upload;upload.filestat
J39839;upload;upload.filestat
J39857;upload;upload.filestat
J39856;upload;upload.filestat
J39862;upload;upload.filestat
J39860;upload;upload.filestat
J39878;upload;upload.filestat
J39885;upload;upload.filestat
J39884;upload;upload.filestat
J39879;upload;upload.filestat
J39869;upload;upload.filestat
J39866;upload;upload.filestat
J39886;upload;upload.filestat
J39887;upload;upload.filestat
J39891;upload;upload.filestat
J39889;upload;upload.filestat
J39896;upload;upload.filestat
J39898;upload;upload.filestat
J39880;upload;upload.filestat
J39903;upload;upload.filestat
J39901;upload;upload.filestat
J39906;upload;upload.filestat
J39907;upload;upload.filestat
J39902;upload;upload.filestat
J39900;upload;upload.filestat
J39904;upload;upload.filestat
J39899;upload;upload.filestat
J39909;upload;upload.filestat
J39908;upload;upload.filestat
J39912;upload;upload.filestat
J39914;upload;upload.filestat
J39946FG;upload;upload.filestat
J39946;upload;upload.filestat
J39950;upload;upload.filestat
J39915;upload;upload.filestat
J39918;upload;upload.filestat
J39945;upload;upload.filestat
J39951;upload;upload.filestat
J39953;upload;upload.filestat
J39948;upload;upload.filestat
J39954;upload;upload.filestat
J39958;upload;upload.filestat
J39955;upload;upload.filestat
J39963;upload;upload.filestat
J39956;upload;upload.filestat
J39968;upload;upload.filestat
J39965;upload;upload.filestat
J39973;upload;upload.filestat
J39987;upload;upload.filestat
J39972;upload;upload.filestat
J39970;upload;upload.filestat
J39964;upload;upload.filestat
J39988;upload;upload.filestat
J39986;upload;upload.filestat
J39967;upload;upload.filestat
J39969;upload;upload.filestat
J39991;upload;upload.filestat
J39976;upload;upload.filestat
J40011;upload;upload.filestat
J40018;upload;upload.filestat
J40025;upload;upload.filestat
J39992;upload;upload.filestat
J40013;upload;upload.filestat
J40019;upload;upload.filestat
J40022;upload;upload.filestat
J40027;upload;upload.filestat
J40028;upload;upload.filestat
J40029;upload;upload.filestat
J40021;upload;upload.filestat
J40026;upload;upload.filestat
J40034;upload;upload.filestat
J40032;upload;upload.filestat
J40036;upload;upload.filestat
J40054;upload;upload.filestat
J40057;upload;upload.filestat
J40056;upload;upload.filestat
J40068;upload;upload.filestat
J40050;upload;upload.filestat
J40073;upload;upload.filestat
J40060;upload;upload.filestat
J40058;upload;upload.filestat
J40093;upload;upload.filestat
J40087;upload;upload.filestat
J40074;upload;upload.filestat
J40096;upload;upload.filestat
J40103;upload;upload.filestat
J40097;upload;upload.filestat
J40052;upload;upload.filestat
J40099;upload;upload.filestat
J40102;upload;upload.filestat
J40152;upload;upload.filestat
J40105;upload;upload.filestat
J40120;upload;upload.filestat
J40147;upload;upload.filestat
J40157;upload;upload.filestat
J40160;upload;upload.filestat
J40161;upload;upload.filestat
J40164;upload;upload.filestat
J40154;upload;upload.filestat
J40163;upload;upload.filestat
J40159;upload;upload.filestat
J40156;upload;upload.filestat
J40162;upload;upload.filestat
J40165;upload;upload.filestat
J40167;upload;upload.filestat
J40166;upload;upload.filestat
J40169;upload;upload.filestat
J40173;upload;upload.filestat
J40172;upload;upload.filestat
J40171;upload;upload.filestat
J40168;upload;upload.filestat
J40177;upload;upload.filestat
J40179;upload;upload.filestat
J40183;upload;upload.filestat
J40181;upload;upload.filestat
J40188;upload;upload.filestat
J40185;upload;upload.filestat
J40189;upload;upload.filestat
J40191;upload;upload.filestat
J40280;upload;upload.filestat
J40329;upload;upload.filestat
J40278;upload;upload.filestat
J40281;upload;upload.filestat
J40279;upload;upload.filestat
J40293;upload;upload.filestat
J40414;upload;upload.filestat
J40415;upload;upload.filestat
J40413;upload;upload.filestat
J40493;upload;upload.filestat
J40526;upload;upload.filestat
J40520;upload;upload.filestat
J40567;upload;upload.filestat
J40495;upload;upload.filestat
J40573;upload;upload.filestat
J40550;upload;upload.filestat
J40595;upload;upload.filestat
J40616;upload;upload.filestat
J40594;upload;upload.filestat
J40617;upload;upload.filestat
J40618;upload;upload.filestat
J40642;upload;upload.filestat
J40620;upload;upload.filestat
J40652;upload;upload.filestat
J40660;upload;upload.filestat
J40659;upload;upload.filestat
J40665;upload;upload.filestat
J40650;upload;upload.filestat
J40651;upload;upload.filestat
J40697;upload;upload.filestat
J40718;upload;upload.filestat
J40667;upload;upload.filestat
J40722;upload;upload.filestat
J40849;upload;upload.filestat
J40856;upload;upload.filestat
J40865;upload;upload.filestat
J40866;upload;upload.filestat
J40882;upload;upload.filestat
J40850;upload;upload.filestat
J40885;upload;upload.filestat
J40877;upload;upload.filestat
J40903;upload;upload.filestat
J40891;upload;upload.filestat
J40888;upload;upload.filestat
J40904;upload;upload.filestat
J40912;upload;upload.filestat
J40906;upload;upload.filestat
J40907;upload;upload.filestat
J40913;upload;upload.filestat
J40972;upload;upload.filestat
J40971;upload;upload.filestat
J40973;upload;upload.filestat
J40975;upload;upload.filestat
J40974;upload;upload.filestat
J40980;upload;upload.filestat
J40981;upload;upload.filestat
J40985;upload;upload.filestat
J40988;upload;upload.filestat
J40986;upload;upload.filestat
J40989;upload;upload.filestat
J40994;upload;upload.filestat
J40990;upload;upload.filestat
J40995;upload;upload.filestat
J40996;upload;upload.filestat
J40997;upload;upload.filestat
J40999;upload;upload.filestat
J41096MP;upload;upload.filestat
J41096;upload;upload.filestat
J41107;upload;upload.filestat
J41108;upload;upload.filestat
J41119;upload;upload.filestat
J41125;upload;upload.filestat
J41126;upload;upload.filestat
J41132;upload;upload.filestat
J41135;upload;upload.filestat
J41162;upload;upload.filestat
J41184;upload;upload.filestat
J41175;upload;upload.filestat
J41248;upload;upload.filestat
J4140;upload;upload.filestat
J41413;upload;upload.filestat
J4142;upload;upload.filestat
J4143;upload;upload.filestat
J41431;upload;upload.filestat
J4145;upload;upload.filestat
J4144;upload;upload.filestat
J4146;upload;upload.filestat
J4149;upload;upload.filestat
J4147R;upload;upload.filestat
J41499;upload;upload.filestat
J41502;upload;upload.filestat
J41503;upload;upload.filestat
J41504;upload;upload.filestat
J41505;upload;upload.filestat
J41500;upload;upload.filestat
J41506;upload;upload.filestat
J41507;upload;upload.filestat
J41510;upload;upload.filestat
J41508;upload;upload.filestat
J41511;upload;upload.filestat
J4152;upload;upload.filestat
J41527;upload;upload.filestat
J41528;upload;upload.filestat
J4153;upload;upload.filestat
J41530;upload;upload.filestat
J41537;upload;upload.filestat
J4155;upload;upload.filestat
J41529;upload;upload.filestat
J41552;upload;upload.filestat
J4156;upload;upload.filestat
J41567;upload;upload.filestat
J41568;upload;upload.filestat
J41569;upload;upload.filestat
J4157;upload;upload.filestat
J41570;upload;upload.filestat
J41571;upload;upload.filestat
J41572;upload;upload.filestat
J4158;upload;upload.filestat
J4159;upload;upload.filestat
J41592;upload;upload.filestat
J4160;upload;upload.filestat
J4160 M;upload;upload.filestat
J4161;upload;upload.filestat
J41593;upload;upload.filestat
J4162;upload;upload.filestat
J4162 M;upload;upload.filestat
J4162M;upload;upload.filestat
J4161M;upload;upload.filestat
J13018;upload;filestat
